<?xml version="1.0" encoding="UTF-8"?>
<testsuites>
    <testsuite name="error-messages-on-mandatory-offender-question;user-has-not-answered-a-mandatory-question" tests="3" failures="0" skipped="0">
        <properties>
            <property name="@MVP" value="true">
            </property>
            <property name="URI" value="c:/CicaOnline/q-definitions/features/Error messages on mandatory offender question.feature">
            </property>
        </properties>
        <testcase name="Given I am on p-offender-describe-contact-with-offender" classname="error-messages-on-mandatory-offender-question;user-has-not-answered-a-mandatory-question" time="3.767325516">
        </testcase>
        <testcase name="When I have not answered the q-offender-describe-contact-with-offender Or I have not answered the q-offender-i-have-no-contact-with-offender and I click continue" classname="error-messages-on-mandatory-offender-question;user-has-not-answered-a-mandatory-question" time="0.00055004">
        </testcase>
        <testcase name="Then I will see an Enter details of any contact you have with the offender" classname="error-messages-on-mandatory-offender-question;user-has-not-answered-a-mandatory-question" time="0.144862772">
        </testcase>
    </testsuite>
    <testsuite name="error-messages-on-mandatory-questions;user-has-not-answered-a-mandatory-question" tests="3" failures="0" skipped="0">
        <properties>
            <property name="@MVP" value="true">
            </property>
            <property name="URI" value="c:/CicaOnline/q-definitions/features/Gherkin Mandatory questions.feature">
            </property>
        </properties>
        <testcase name="Given I am on p-applicant-british-citizen-or-eu-national" classname="error-messages-on-mandatory-questions;user-has-not-answered-a-mandatory-question" time="2.724826377">
        </testcase>
        <testcase name="When I have not answered the q-applicant-british-citizen-or-eu-national and I click continue" classname="error-messages-on-mandatory-questions;user-has-not-answered-a-mandatory-question" time="0.000491439">
        </testcase>
        <testcase name="Then I will see an Select yes if you are a British citizen or EU national" classname="error-messages-on-mandatory-questions;user-has-not-answered-a-mandatory-question" time="0.154024295">
        </testcase>
    </testsuite>
    <testsuite name="error-messages-on-mandatory-questions;user-has-not-answered-a-mandatory-question" tests="3" failures="0" skipped="0">
        <properties>
            <property name="@MVP" value="true">
            </property>
            <property name="URI" value="c:/CicaOnline/q-definitions/features/Gherkin Mandatory questions.feature">
            </property>
        </properties>
        <testcase name="Given I am on p-applicant-are-you-18-or-over" classname="error-messages-on-mandatory-questions;user-has-not-answered-a-mandatory-question" time="2.745159897">
        </testcase>
        <testcase name="When I have not answered the q-applicant-are-you-18-or-over and I click continue" classname="error-messages-on-mandatory-questions;user-has-not-answered-a-mandatory-question" time="0.000411759">
        </testcase>
        <testcase name="Then I will see an Select yes if you are over 18" classname="error-messages-on-mandatory-questions;user-has-not-answered-a-mandatory-question" time="0.152128967">
        </testcase>
    </testsuite>
    <testsuite name="error-messages-on-mandatory-questions;user-has-not-answered-a-mandatory-question" tests="3" failures="0" skipped="0">
        <properties>
            <property name="@MVP" value="true">
            </property>
            <property name="URI" value="c:/CicaOnline/q-definitions/features/Gherkin Mandatory questions.feature">
            </property>
        </properties>
        <testcase name="Given I am on p-applicant-who-are-you-applying-for" classname="error-messages-on-mandatory-questions;user-has-not-answered-a-mandatory-question" time="2.732551624">
        </testcase>
        <testcase name="When I have not answered the q-applicant-who-are-you-applying-for and I click continue" classname="error-messages-on-mandatory-questions;user-has-not-answered-a-mandatory-question" time="0.000305864">
        </testcase>
        <testcase name="Then I will see an Select Myself if you are the person applying for compensation" classname="error-messages-on-mandatory-questions;user-has-not-answered-a-mandatory-question" time="0.119536732">
        </testcase>
    </testsuite>
    <testsuite name="error-messages-on-mandatory-questions;user-has-not-answered-a-mandatory-question" tests="3" failures="0" skipped="0">
        <properties>
            <property name="@MVP" value="true">
            </property>
            <property name="URI" value="c:/CicaOnline/q-definitions/features/Gherkin Mandatory questions.feature">
            </property>
        </properties>
        <testcase name="Given I am on p-applicant-were-you-a-victim-of-sexual-assault-or-abuse" classname="error-messages-on-mandatory-questions;user-has-not-answered-a-mandatory-question" time="2.722521346">
        </testcase>
        <testcase name="When I have not answered the q-applicant-were-you-a-victim-of-sexual-assault-or-abuse and I click continue" classname="error-messages-on-mandatory-questions;user-has-not-answered-a-mandatory-question" time="0.000384">
        </testcase>
        <testcase name="Then I will see an Select yes if you were a victim of sexual assault or abuse" classname="error-messages-on-mandatory-questions;user-has-not-answered-a-mandatory-question" time="0.12065532">
        </testcase>
    </testsuite>
    <testsuite name="error-messages-on-mandatory-questions;user-has-not-answered-a-mandatory-question" tests="3" failures="0" skipped="0">
        <properties>
            <property name="@MVP" value="true">
            </property>
            <property name="URI" value="c:/CicaOnline/q-definitions/features/Gherkin Mandatory questions.feature">
            </property>
        </properties>
        <testcase name="Given I am on p-applicant-select-the-option-that-applies-to-you" classname="error-messages-on-mandatory-questions;user-has-not-answered-a-mandatory-question" time="2.747900849">
        </testcase>
        <testcase name="When I have not answered the q-applicant-option and I click continue" classname="error-messages-on-mandatory-questions;user-has-not-answered-a-mandatory-question" time="0.000306378">
        </testcase>
        <testcase name="Then I will see an Select either Option 1 or Option 2" classname="error-messages-on-mandatory-questions;user-has-not-answered-a-mandatory-question" time="0.146268204">
        </testcase>
    </testsuite>
    <testsuite name="error-messages-on-mandatory-questions;user-has-not-answered-a-mandatory-question" tests="3" failures="0" skipped="0">
        <properties>
            <property name="@MVP" value="true">
            </property>
            <property name="URI" value="c:/CicaOnline/q-definitions/features/Gherkin Mandatory questions.feature">
            </property>
        </properties>
        <testcase name="Given I am on p--was-the-crime-reported-to-police" classname="error-messages-on-mandatory-questions;user-has-not-answered-a-mandatory-question" time="2.747029523">
        </testcase>
        <testcase name="When I have not answered the q--was-the-crime-reported-to-police and I click continue" classname="error-messages-on-mandatory-questions;user-has-not-answered-a-mandatory-question" time="0.00030278">
        </testcase>
        <testcase name="Then I will see an Select yes if the crime was reported to the police" classname="error-messages-on-mandatory-questions;user-has-not-answered-a-mandatory-question" time="0.151701271">
        </testcase>
    </testsuite>
    <testsuite name="error-messages-on-mandatory-questions;user-has-not-answered-a-mandatory-question" tests="3" failures="1" skipped="0">
        <properties>
            <property name="@MVP" value="true">
            </property>
            <property name="URI" value="c:/CicaOnline/q-definitions/features/Gherkin Mandatory questions.feature">
            </property>
        </properties>
        <testcase name="Given I am on p--when-was-the-crime-reported-to-police" classname="error-messages-on-mandatory-questions;user-has-not-answered-a-mandatory-question" time="2.830418288">
        </testcase>
        <testcase name="When I have not answered the q--when-was-the-crime-reported-to-police and I click continue" classname="error-messages-on-mandatory-questions;user-has-not-answered-a-mandatory-question" time="0.00041433">
        </testcase>
        <testcase name="Then I will see an Enter the date the crime was reported to the police" classname="error-messages-on-mandatory-questions;user-has-not-answered-a-mandatory-question" time="10.159231691">
            <failure message="TimeoutError: Waiting for at least one element to be located By(partial link text, Enter the date the crime was reported to the police)">TimeoutError: Waiting for at least one element to be located By(partial link text, Enter the date the crime was reported to the police)
Wait timed out after 10006ms
    at c:\CicaOnline\selenium-cucumber-webdriver\node_modules\selenium-webdriver\lib\promise.js:2209:17
    at ManagedPromise.invokeCallback_ (c:\CicaOnline\selenium-cucumber-webdriver\node_modules\selenium-webdriver\lib\promise.js:1384:14)
    at TaskQueue.execute_ (c:\CicaOnline\selenium-cucumber-webdriver\node_modules\selenium-webdriver\lib\promise.js:3092:14)
    at TaskQueue.executeNext_ (c:\CicaOnline\selenium-cucumber-webdriver\node_modules\selenium-webdriver\lib\promise.js:3075:27)
    at asyncRun (c:\CicaOnline\selenium-cucumber-webdriver\node_modules\selenium-webdriver\lib\promise.js:2935:27)
    at c:\CicaOnline\selenium-cucumber-webdriver\node_modules\selenium-webdriver\lib\promise.js:676:7
    at process._tickCallback (internal/process/next_tick.js:68:7)
From: Task: Waiting for at least one element to be located By(partial link text, Enter the date the crime was reported to the police)
    at scheduleWait (c:\CicaOnline\selenium-cucumber-webdriver\node_modules\selenium-webdriver\lib\promise.js:2196:20)
    at ControlFlow.wait (c:\CicaOnline\selenium-cucumber-webdriver\node_modules\selenium-webdriver\lib\promise.js:2525:12)
    at thenableWebDriverProxy.wait (c:\CicaOnline\selenium-cucumber-webdriver\node_modules\selenium-webdriver\lib\webdriver.js:934:29)
    at createWorld.Then.error (c:\CicaOnline\q-definitions\features\step_definitions\shared-steps.js:39:16)
    at process._tickCallback (internal/process/next_tick.js:61:11)</failure>
        </testcase>
    </testsuite>
    <testsuite name="error-messages-on-mandatory-questions;user-has-not-answered-a-mandatory-question" tests="3" failures="0" skipped="0">
        <properties>
            <property name="@MVP" value="true">
            </property>
            <property name="URI" value="c:/CicaOnline/q-definitions/features/Gherkin Mandatory questions.feature">
            </property>
        </properties>
        <testcase name="Given I am on p--whats-the-crime-reference-number" classname="error-messages-on-mandatory-questions;user-has-not-answered-a-mandatory-question" time="2.732026258">
        </testcase>
        <testcase name="When I have not answered the q--whats-the-crime-reference-number and I click continue" classname="error-messages-on-mandatory-questions;user-has-not-answered-a-mandatory-question" time="0.000361382">
        </testcase>
        <testcase name="Then I will see an Enter the crime reference number" classname="error-messages-on-mandatory-questions;user-has-not-answered-a-mandatory-question" time="0.121171947">
        </testcase>
    </testsuite>
    <testsuite name="error-messages-on-mandatory-questions;user-has-not-answered-a-mandatory-question" tests="3" failures="0" skipped="0">
        <properties>
            <property name="@MVP" value="true">
            </property>
            <property name="URI" value="c:/CicaOnline/q-definitions/features/Gherkin Mandatory questions.feature">
            </property>
        </properties>
        <testcase name="Given I am on p-applicant-did-the-crime-happen-once-or-over-time" classname="error-messages-on-mandatory-questions;user-has-not-answered-a-mandatory-question" time="2.734770808">
        </testcase>
        <testcase name="When I have not answered the q-applicant-did-the-crime-happen-once-or-over-time and I click continue" classname="error-messages-on-mandatory-questions;user-has-not-answered-a-mandatory-question" time="0.000364981">
        </testcase>
        <testcase name="Then I will see an Select Once or Over a period of time" classname="error-messages-on-mandatory-questions;user-has-not-answered-a-mandatory-question" time="0.146193152">
        </testcase>
    </testsuite>
    <testsuite name="error-messages-on-mandatory-questions;user-has-not-answered-a-mandatory-question" tests="3" failures="1" skipped="0">
        <properties>
            <property name="@MVP" value="true">
            </property>
            <property name="URI" value="c:/CicaOnline/q-definitions/features/Gherkin Mandatory questions.feature">
            </property>
        </properties>
        <testcase name="Given I am on p-applicant-when-did-the-crime-happen" classname="error-messages-on-mandatory-questions;user-has-not-answered-a-mandatory-question" time="2.784060124">
        </testcase>
        <testcase name="When I have not answered the q-applicant-when-did-the-crime-happen and I click continue" classname="error-messages-on-mandatory-questions;user-has-not-answered-a-mandatory-question" time="0.000410218">
        </testcase>
        <testcase name="Then I will see an Enter the date the crime happened and include a day, month and year" classname="error-messages-on-mandatory-questions;user-has-not-answered-a-mandatory-question" time="10.107461022">
            <failure message="TimeoutError: Waiting for at least one element to be located By(partial link text, Enter the date the crime happened and include a day, month and year)">TimeoutError: Waiting for at least one element to be located By(partial link text, Enter the date the crime happened and include a day, month and year)
Wait timed out after 10005ms
    at c:\CicaOnline\selenium-cucumber-webdriver\node_modules\selenium-webdriver\lib\promise.js:2209:17
    at ManagedPromise.invokeCallback_ (c:\CicaOnline\selenium-cucumber-webdriver\node_modules\selenium-webdriver\lib\promise.js:1384:14)
    at TaskQueue.execute_ (c:\CicaOnline\selenium-cucumber-webdriver\node_modules\selenium-webdriver\lib\promise.js:3092:14)
    at TaskQueue.executeNext_ (c:\CicaOnline\selenium-cucumber-webdriver\node_modules\selenium-webdriver\lib\promise.js:3075:27)
    at asyncRun (c:\CicaOnline\selenium-cucumber-webdriver\node_modules\selenium-webdriver\lib\promise.js:2935:27)
    at c:\CicaOnline\selenium-cucumber-webdriver\node_modules\selenium-webdriver\lib\promise.js:676:7
    at process._tickCallback (internal/process/next_tick.js:68:7)
From: Task: Waiting for at least one element to be located By(partial link text, Enter the date the crime happened and include a day, month and year)
    at scheduleWait (c:\CicaOnline\selenium-cucumber-webdriver\node_modules\selenium-webdriver\lib\promise.js:2196:20)
    at ControlFlow.wait (c:\CicaOnline\selenium-cucumber-webdriver\node_modules\selenium-webdriver\lib\promise.js:2525:12)
    at thenableWebDriverProxy.wait (c:\CicaOnline\selenium-cucumber-webdriver\node_modules\selenium-webdriver\lib\webdriver.js:934:29)
    at createWorld.Then.error (c:\CicaOnline\q-definitions\features\step_definitions\shared-steps.js:39:16)
    at process._tickCallback (internal/process/next_tick.js:61:11)</failure>
        </testcase>
    </testsuite>
    <testsuite name="error-messages-on-mandatory-questions;user-has-not-answered-a-mandatory-question" tests="3" failures="0" skipped="0">
        <properties>
            <property name="@MVP" value="true">
            </property>
            <property name="URI" value="c:/CicaOnline/q-definitions/features/Gherkin Mandatory questions.feature">
            </property>
        </properties>
        <testcase name="Given I am on p-applicant-when-did-the-crime-start" classname="error-messages-on-mandatory-questions;user-has-not-answered-a-mandatory-question" time="2.745795271">
        </testcase>
        <testcase name="When I have not answered the q-applicant-when-did-the-crime-start and I click continue" classname="error-messages-on-mandatory-questions;user-has-not-answered-a-mandatory-question" time="0.000295583">
        </testcase>
        <testcase name="Then I will see an Enter the date the crime started and include a month and year" classname="error-messages-on-mandatory-questions;user-has-not-answered-a-mandatory-question" time="0.12665385">
        </testcase>
    </testsuite>
    <testsuite name="error-messages-on-mandatory-questions;user-has-not-answered-a-mandatory-question" tests="3" failures="0" skipped="0">
        <properties>
            <property name="@MVP" value="true">
            </property>
            <property name="URI" value="c:/CicaOnline/q-definitions/features/Gherkin Mandatory questions.feature">
            </property>
        </properties>
        <testcase name="Given I am on p-applicant-when-did-the-crime-stop" classname="error-messages-on-mandatory-questions;user-has-not-answered-a-mandatory-question" time="2.741724969">
        </testcase>
        <testcase name="When I have not answered the q-applicant-when-did-the-crime-stop and I click continue" classname="error-messages-on-mandatory-questions;user-has-not-answered-a-mandatory-question" time="0.0003218">
        </testcase>
        <testcase name="Then I will see an Enter the date the crime stopped and include a month and year" classname="error-messages-on-mandatory-questions;user-has-not-answered-a-mandatory-question" time="0.126798299">
        </testcase>
    </testsuite>
    <testsuite name="error-messages-on-mandatory-questions;user-has-not-answered-a-mandatory-question" tests="3" failures="0" skipped="0">
        <properties>
            <property name="@MVP" value="true">
            </property>
            <property name="URI" value="c:/CicaOnline/q-definitions/features/Gherkin Mandatory questions.feature">
            </property>
        </properties>
        <testcase name="Given I am on p-applicant-select-reasons-for-the-delay-in-making-your-application" classname="error-messages-on-mandatory-questions;user-has-not-answered-a-mandatory-question" time="2.785567853">
        </testcase>
        <testcase name="When I have not answered the q-applicant-select-reasons-for-the-delay-in-making-your-application and I click continue" classname="error-messages-on-mandatory-questions;user-has-not-answered-a-mandatory-question" time="0.000365495">
        </testcase>
        <testcase name="Then I will see an Select if you were under 18, advised to wait, medical reasons or other reasons" classname="error-messages-on-mandatory-questions;user-has-not-answered-a-mandatory-question" time="0.14075186">
        </testcase>
    </testsuite>
    <testsuite name="error-messages-on-mandatory-questions;user-has-not-answered-a-mandatory-question" tests="3" failures="0" skipped="0">
        <properties>
            <property name="@MVP" value="true">
            </property>
            <property name="URI" value="c:/CicaOnline/q-definitions/features/Gherkin Mandatory questions.feature">
            </property>
        </properties>
        <testcase name="Given I am on p-applicant-select-reasons-for-the-delay-in-making-your-application" classname="error-messages-on-mandatory-questions;user-has-not-answered-a-mandatory-question" time="2.7548473">
        </testcase>
        <testcase name="When I have not answered the q-applicant-explain-reason-for-delay-application and I click continue" classname="error-messages-on-mandatory-questions;user-has-not-answered-a-mandatory-question" time="0.000307406">
        </testcase>
        <testcase name="Then I will see an Explain the reasons for the delay in making your application" classname="error-messages-on-mandatory-questions;user-has-not-answered-a-mandatory-question" time="0.128759427">
        </testcase>
    </testsuite>
    <testsuite name="error-messages-on-mandatory-questions;user-has-not-answered-a-mandatory-question" tests="3" failures="0" skipped="0">
        <properties>
            <property name="@MVP" value="true">
            </property>
            <property name="URI" value="c:/CicaOnline/q-definitions/features/Gherkin Mandatory questions.feature">
            </property>
        </properties>
        <testcase name="Given I am on p-applicant-where-did-the-crime-happen" classname="error-messages-on-mandatory-questions;user-has-not-answered-a-mandatory-question" time="2.807418355">
        </testcase>
        <testcase name="When I have not answered the q-applicant-where-did-the-crime-happen and I click continue" classname="error-messages-on-mandatory-questions;user-has-not-answered-a-mandatory-question" time="0.000360868">
        </testcase>
        <testcase name="Then I will see an Select England, Scotland, Wales or Somewhere else" classname="error-messages-on-mandatory-questions;user-has-not-answered-a-mandatory-question" time="0.139410171">
        </testcase>
    </testsuite>
    <testsuite name="error-messages-on-mandatory-questions;user-has-not-answered-a-mandatory-question" tests="3" failures="0" skipped="0">
        <properties>
            <property name="@MVP" value="true">
            </property>
            <property name="URI" value="c:/CicaOnline/q-definitions/features/Gherkin Mandatory questions.feature">
            </property>
        </properties>
        <testcase name="Given I am on p-applicant-where-in-england-did-it-happen" classname="error-messages-on-mandatory-questions;user-has-not-answered-a-mandatory-question" time="2.755077597">
        </testcase>
        <testcase name="When I have not answered the q-applicant-english-town-or-city and I click continue" classname="error-messages-on-mandatory-questions;user-has-not-answered-a-mandatory-question" time="0.000331053">
        </testcase>
        <testcase name="Then I will see an Enter the town or city where the crime happened" classname="error-messages-on-mandatory-questions;user-has-not-answered-a-mandatory-question" time="0.15196344">
        </testcase>
    </testsuite>
    <testsuite name="error-messages-on-mandatory-questions;user-has-not-answered-a-mandatory-question" tests="3" failures="0" skipped="0">
        <properties>
            <property name="@MVP" value="true">
            </property>
            <property name="URI" value="c:/CicaOnline/q-definitions/features/Gherkin Mandatory questions.feature">
            </property>
        </properties>
        <testcase name="Given I am on p-applicant-where-in-england-did-it-happen" classname="error-messages-on-mandatory-questions;user-has-not-answered-a-mandatory-question" time="2.764635456">
        </testcase>
        <testcase name="When I have not answered the q-applicant-english-location and I click continue" classname="error-messages-on-mandatory-questions;user-has-not-answered-a-mandatory-question" time="0.000472419">
        </testcase>
        <testcase name="Then I will see an Enter the name of a street, business, building or nearby local landmark" classname="error-messages-on-mandatory-questions;user-has-not-answered-a-mandatory-question" time="0.13209617">
        </testcase>
    </testsuite>
    <testsuite name="error-messages-on-mandatory-questions;user-has-not-answered-a-mandatory-question" tests="3" failures="0" skipped="0">
        <properties>
            <property name="@MVP" value="true">
            </property>
            <property name="URI" value="c:/CicaOnline/q-definitions/features/Gherkin Mandatory questions.feature">
            </property>
        </properties>
        <testcase name="Given I am on p-applicant-where-in-scotland-did-it-happen" classname="error-messages-on-mandatory-questions;user-has-not-answered-a-mandatory-question" time="2.769850564">
        </testcase>
        <testcase name="When I have not answered the q-applicant-scottish-town-or-city and I click continue" classname="error-messages-on-mandatory-questions;user-has-not-answered-a-mandatory-question" time="0.000327968">
        </testcase>
        <testcase name="Then I will see an Enter the town or city where the crime happened" classname="error-messages-on-mandatory-questions;user-has-not-answered-a-mandatory-question" time="0.136011227">
        </testcase>
    </testsuite>
    <testsuite name="error-messages-on-mandatory-questions;user-has-not-answered-a-mandatory-question" tests="3" failures="0" skipped="0">
        <properties>
            <property name="@MVP" value="true">
            </property>
            <property name="URI" value="c:/CicaOnline/q-definitions/features/Gherkin Mandatory questions.feature">
            </property>
        </properties>
        <testcase name="Given I am on p-applicant-where-in-scotland-did-it-happen" classname="error-messages-on-mandatory-questions;user-has-not-answered-a-mandatory-question" time="2.782049648">
        </testcase>
        <testcase name="When I have not answered the q-applicant-scottish-location and I click continue" classname="error-messages-on-mandatory-questions;user-has-not-answered-a-mandatory-question" time="0.000505318">
        </testcase>
        <testcase name="Then I will see an Enter the name of a street, business, building or nearby local landmark" classname="error-messages-on-mandatory-questions;user-has-not-answered-a-mandatory-question" time="0.146669168">
        </testcase>
    </testsuite>
    <testsuite name="error-messages-on-mandatory-questions;user-has-not-answered-a-mandatory-question" tests="3" failures="0" skipped="0">
        <properties>
            <property name="@MVP" value="true">
            </property>
            <property name="URI" value="c:/CicaOnline/q-definitions/features/Gherkin Mandatory questions.feature">
            </property>
        </properties>
        <testcase name="Given I am on p-applicant-where-in-wales-did-it-happen" classname="error-messages-on-mandatory-questions;user-has-not-answered-a-mandatory-question" time="2.741792311">
        </testcase>
        <testcase name="When I have not answered the q-applicant-welsh-town-or-city and I click continue" classname="error-messages-on-mandatory-questions;user-has-not-answered-a-mandatory-question" time="0.00032694">
        </testcase>
        <testcase name="Then I will see an Enter the town or city where the crime happened" classname="error-messages-on-mandatory-questions;user-has-not-answered-a-mandatory-question" time="0.143434722">
        </testcase>
    </testsuite>
    <testsuite name="error-messages-on-mandatory-questions;user-has-not-answered-a-mandatory-question" tests="3" failures="0" skipped="0">
        <properties>
            <property name="@MVP" value="true">
            </property>
            <property name="URI" value="c:/CicaOnline/q-definitions/features/Gherkin Mandatory questions.feature">
            </property>
        </properties>
        <testcase name="Given I am on p-applicant-where-in-wales-did-it-happen" classname="error-messages-on-mandatory-questions;user-has-not-answered-a-mandatory-question" time="2.736763292">
        </testcase>
        <testcase name="When I have not answered the q-applicant-welsh-location and I click continue" classname="error-messages-on-mandatory-questions;user-has-not-answered-a-mandatory-question" time="0.000342876">
        </testcase>
        <testcase name="Then I will see an Enter the name of a street, business, building or nearby local landmark" classname="error-messages-on-mandatory-questions;user-has-not-answered-a-mandatory-question" time="0.132359367">
        </testcase>
    </testsuite>
    <testsuite name="error-messages-on-mandatory-questions;user-has-not-answered-a-mandatory-question" tests="3" failures="1" skipped="0">
        <properties>
            <property name="@MVP" value="true">
            </property>
            <property name="URI" value="c:/CicaOnline/q-definitions/features/Gherkin Mandatory questions.feature">
            </property>
        </properties>
        <testcase name="Given I am on p--which-english-police-force-is-investigating-the-crime" classname="error-messages-on-mandatory-questions;user-has-not-answered-a-mandatory-question" time="2.755242095">
        </testcase>
        <testcase name="When I have not answered the q--which-english-police-force-is-investigating-the-crime and I click continue" classname="error-messages-on-mandatory-questions;user-has-not-answered-a-mandatory-question" time="0.000311519">
        </testcase>
        <testcase name="Then I will see an Select a police force from the list" classname="error-messages-on-mandatory-questions;user-has-not-answered-a-mandatory-question" time="10.09801574">
            <failure message="TimeoutError: Waiting for at least one element to be located By(partial link text, Select a police force from the list)">TimeoutError: Waiting for at least one element to be located By(partial link text, Select a police force from the list)
Wait timed out after 10002ms
    at c:\CicaOnline\selenium-cucumber-webdriver\node_modules\selenium-webdriver\lib\promise.js:2209:17
    at ManagedPromise.invokeCallback_ (c:\CicaOnline\selenium-cucumber-webdriver\node_modules\selenium-webdriver\lib\promise.js:1384:14)
    at TaskQueue.execute_ (c:\CicaOnline\selenium-cucumber-webdriver\node_modules\selenium-webdriver\lib\promise.js:3092:14)
    at TaskQueue.executeNext_ (c:\CicaOnline\selenium-cucumber-webdriver\node_modules\selenium-webdriver\lib\promise.js:3075:27)
    at asyncRun (c:\CicaOnline\selenium-cucumber-webdriver\node_modules\selenium-webdriver\lib\promise.js:2935:27)
    at c:\CicaOnline\selenium-cucumber-webdriver\node_modules\selenium-webdriver\lib\promise.js:676:7
    at process._tickCallback (internal/process/next_tick.js:68:7)
From: Task: Waiting for at least one element to be located By(partial link text, Select a police force from the list)
    at scheduleWait (c:\CicaOnline\selenium-cucumber-webdriver\node_modules\selenium-webdriver\lib\promise.js:2196:20)
    at ControlFlow.wait (c:\CicaOnline\selenium-cucumber-webdriver\node_modules\selenium-webdriver\lib\promise.js:2525:12)
    at thenableWebDriverProxy.wait (c:\CicaOnline\selenium-cucumber-webdriver\node_modules\selenium-webdriver\lib\webdriver.js:934:29)
    at createWorld.Then.error (c:\CicaOnline\q-definitions\features\step_definitions\shared-steps.js:39:16)
    at process._tickCallback (internal/process/next_tick.js:61:11)</failure>
        </testcase>
    </testsuite>
    <testsuite name="error-messages-on-mandatory-questions;user-has-not-answered-a-mandatory-question" tests="3" failures="0" skipped="0">
        <properties>
            <property name="@MVP" value="true">
            </property>
            <property name="URI" value="c:/CicaOnline/q-definitions/features/Gherkin Mandatory questions.feature">
            </property>
        </properties>
        <testcase name="Given I am on p--which-police-scotland-division-is-investigating-the-crime" classname="error-messages-on-mandatory-questions;user-has-not-answered-a-mandatory-question" time="2.752322766">
        </testcase>
        <testcase name="When I have not answered the q--which-police-scotland-division-is-investigating-the-crime and I click continue" classname="error-messages-on-mandatory-questions;user-has-not-answered-a-mandatory-question" time="0.000371663">
        </testcase>
        <testcase name="Then I will see an Select a Police Scotland division" classname="error-messages-on-mandatory-questions;user-has-not-answered-a-mandatory-question" time="0.163156001">
        </testcase>
    </testsuite>
    <testsuite name="error-messages-on-mandatory-questions;user-has-not-answered-a-mandatory-question" tests="3" failures="0" skipped="0">
        <properties>
            <property name="@MVP" value="true">
            </property>
            <property name="URI" value="c:/CicaOnline/q-definitions/features/Gherkin Mandatory questions.feature">
            </property>
        </properties>
        <testcase name="Given I am on p--which-welsh-police-force-is-investigating-the-crime" classname="error-messages-on-mandatory-questions;user-has-not-answered-a-mandatory-question" time="2.798151452">
        </testcase>
        <testcase name="When I have not answered the q--which-welsh-police-force-is-investigating-the-crime and I click continue" classname="error-messages-on-mandatory-questions;user-has-not-answered-a-mandatory-question" time="0.000386057">
        </testcase>
        <testcase name="Then I will see an Select a police force" classname="error-messages-on-mandatory-questions;user-has-not-answered-a-mandatory-question" time="0.130958562">
        </testcase>
    </testsuite>
    <testsuite name="error-messages-on-mandatory-questions;user-has-not-answered-a-mandatory-question" tests="3" failures="0" skipped="0">
        <properties>
            <property name="@MVP" value="true">
            </property>
            <property name="URI" value="c:/CicaOnline/q-definitions/features/Gherkin Mandatory questions.feature">
            </property>
        </properties>
        <testcase name="Given I am on p-applicant-select-reasons-for-the-delay-in-reporting-the-crime-to-police" classname="error-messages-on-mandatory-questions;user-has-not-answered-a-mandatory-question" time="2.805682899">
        </testcase>
        <testcase name="When I have not answered the q-applicant-select-reasons-for-the-delay-in-reporting-the-crime-to-police and I click continue" classname="error-messages-on-mandatory-questions;user-has-not-answered-a-mandatory-question" time="0.000352643">
        </testcase>
        <testcase name="Then I will see an Select if you were under 18, unable to report the crime or other reasons" classname="error-messages-on-mandatory-questions;user-has-not-answered-a-mandatory-question" time="0.128358462">
        </testcase>
    </testsuite>
    <testsuite name="error-messages-on-mandatory-questions;user-has-not-answered-a-mandatory-question" tests="3" failures="0" skipped="0">
        <properties>
            <property name="@MVP" value="true">
            </property>
            <property name="URI" value="c:/CicaOnline/q-definitions/features/Gherkin Mandatory questions.feature">
            </property>
        </properties>
        <testcase name="Given I am on p-applicant-select-reasons-for-the-delay-in-reporting-the-crime-to-police" classname="error-messages-on-mandatory-questions;user-has-not-answered-a-mandatory-question" time="2.743261999">
        </testcase>
        <testcase name="When I have not answered the q-applicant-explain-reason-for-delay-reporting and I click continue" classname="error-messages-on-mandatory-questions;user-has-not-answered-a-mandatory-question" time="0.000358812">
        </testcase>
        <testcase name="Then I will see an Explain the reasons for the delay in reporting the crime to the police" classname="error-messages-on-mandatory-questions;user-has-not-answered-a-mandatory-question" time="0.124787309">
        </testcase>
    </testsuite>
    <testsuite name="error-messages-on-mandatory-questions;user-has-not-answered-a-mandatory-question" tests="3" failures="0" skipped="0">
        <properties>
            <property name="@MVP" value="true">
            </property>
            <property name="URI" value="c:/CicaOnline/q-definitions/features/Gherkin Mandatory questions.feature">
            </property>
        </properties>
        <testcase name="Given I am on p-offender-do-you-know-the-name-of-the-offender" classname="error-messages-on-mandatory-questions;user-has-not-answered-a-mandatory-question" time="2.750024931">
        </testcase>
        <testcase name="When I have not answered the q-offender-do-you-know-the-name-of-the-offender and I click continue" classname="error-messages-on-mandatory-questions;user-has-not-answered-a-mandatory-question" time="0.000303294">
        </testcase>
        <testcase name="Then I will see an Select yes if you know the offender&apos;s name" classname="error-messages-on-mandatory-questions;user-has-not-answered-a-mandatory-question" time="0.121622775">
        </testcase>
    </testsuite>
    <testsuite name="error-messages-on-mandatory-questions;user-has-not-answered-a-mandatory-question" tests="3" failures="0" skipped="0">
        <properties>
            <property name="@MVP" value="true">
            </property>
            <property name="URI" value="c:/CicaOnline/q-definitions/features/Gherkin Mandatory questions.feature">
            </property>
        </properties>
        <testcase name="Given I am on p-offender-enter-offenders-name" classname="error-messages-on-mandatory-questions;user-has-not-answered-a-mandatory-question" time="2.786447919">
        </testcase>
        <testcase name="When I have not answered the q-offender-enter-offenders-name and I click continue" classname="error-messages-on-mandatory-questions;user-has-not-answered-a-mandatory-question" time="0.00028376">
        </testcase>
        <testcase name="Then I will see an Enter the offender&apos;s name" classname="error-messages-on-mandatory-questions;user-has-not-answered-a-mandatory-question" time="0.140312855">
        </testcase>
    </testsuite>
    <testsuite name="error-messages-on-mandatory-questions;user-has-not-answered-a-mandatory-question" tests="3" failures="0" skipped="0">
        <properties>
            <property name="@MVP" value="true">
            </property>
            <property name="URI" value="c:/CicaOnline/q-definitions/features/Gherkin Mandatory questions.feature">
            </property>
        </properties>
        <testcase name="Given I am on p-applicant-have-you-applied-to-us-before" classname="error-messages-on-mandatory-questions;user-has-not-answered-a-mandatory-question" time="2.818006385">
        </testcase>
        <testcase name="When I have not answered the q-applicant-have-you-applied-to-us-before and I click continue" classname="error-messages-on-mandatory-questions;user-has-not-answered-a-mandatory-question" time="0.000461623">
        </testcase>
        <testcase name="Then I will see an Select yes if you have applied to us before" classname="error-messages-on-mandatory-questions;user-has-not-answered-a-mandatory-question" time="0.166016213">
        </testcase>
    </testsuite>
    <testsuite name="error-messages-on-mandatory-questions;user-has-not-answered-a-mandatory-question" tests="3" failures="0" skipped="0">
        <properties>
            <property name="@MVP" value="true">
            </property>
            <property name="URI" value="c:/CicaOnline/q-definitions/features/Gherkin Mandatory questions.feature">
            </property>
        </properties>
        <testcase name="Given I am on p-applicant-have-you-applied-for-or-received-any-other-compensation" classname="error-messages-on-mandatory-questions;user-has-not-answered-a-mandatory-question" time="2.743962145">
        </testcase>
        <testcase name="When I have not answered the q-applicant-have-you-applied-for-or-received-any-other-compensation and I click continue" classname="error-messages-on-mandatory-questions;user-has-not-answered-a-mandatory-question" time="0.000289928">
        </testcase>
        <testcase name="Then I will see an Select yes if you have applied for or received another form of compensation" classname="error-messages-on-mandatory-questions;user-has-not-answered-a-mandatory-question" time="0.144518354">
        </testcase>
    </testsuite>
    <testsuite name="error-messages-on-mandatory-questions;user-has-not-answered-a-mandatory-question" tests="3" failures="0" skipped="0">
        <properties>
            <property name="@MVP" value="true">
            </property>
            <property name="URI" value="c:/CicaOnline/q-definitions/features/Gherkin Mandatory questions.feature">
            </property>
        </properties>
        <testcase name="Given I am on p-applicant-have-you-applied-for-or-received-any-other-compensation" classname="error-messages-on-mandatory-questions;user-has-not-answered-a-mandatory-question" time="2.761924834">
        </testcase>
        <testcase name="When I have not answered the q-applicant-applied-for-other-compensation-briefly-explain-why-not and I click continue" classname="error-messages-on-mandatory-questions;user-has-not-answered-a-mandatory-question" time="0.000303294">
        </testcase>
        <testcase name="Then I will see an Explain why you did not apply for or receive any other form of compensation" classname="error-messages-on-mandatory-questions;user-has-not-answered-a-mandatory-question" time="0.14204934">
        </testcase>
    </testsuite>
    <testsuite name="error-messages-on-mandatory-questions;user-has-not-answered-a-mandatory-question" tests="3" failures="0" skipped="0">
        <properties>
            <property name="@MVP" value="true">
            </property>
            <property name="URI" value="c:/CicaOnline/q-definitions/features/Gherkin Mandatory questions.feature">
            </property>
        </properties>
        <testcase name="Given I am on p-applicant-other-compensation-details" classname="error-messages-on-mandatory-questions;user-has-not-answered-a-mandatory-question" time="2.725138924">
        </testcase>
        <testcase name="When I have not answered the q-applicant-who-did-you-apply-to and I click continue" classname="error-messages-on-mandatory-questions;user-has-not-answered-a-mandatory-question" time="0.000297639">
        </testcase>
        <testcase name="Then I will see an Enter who you applied to or received compensation from" classname="error-messages-on-mandatory-questions;user-has-not-answered-a-mandatory-question" time="0.145886774">
        </testcase>
    </testsuite>
    <testsuite name="error-messages-on-mandatory-questions;user-has-not-answered-a-mandatory-question" tests="3" failures="0" skipped="0">
        <properties>
            <property name="@MVP" value="true">
            </property>
            <property name="URI" value="c:/CicaOnline/q-definitions/features/Gherkin Mandatory questions.feature">
            </property>
        </properties>
        <testcase name="Given I am on p-applicant-other-compensation-details" classname="error-messages-on-mandatory-questions;user-has-not-answered-a-mandatory-question" time="2.791265659">
        </testcase>
        <testcase name="When I have not answered the q-applicant-has-a-decision-been-made and I click continue" classname="error-messages-on-mandatory-questions;user-has-not-answered-a-mandatory-question" time="0.000288386">
        </testcase>
        <testcase name="Then I will see an Select yes if you have received a decision about the other compensation claim" classname="error-messages-on-mandatory-questions;user-has-not-answered-a-mandatory-question" time="0.131960459">
        </testcase>
    </testsuite>
    <testsuite name="error-messages-on-mandatory-questions;user-has-not-answered-a-mandatory-question" tests="3" failures="0" skipped="0">
        <properties>
            <property name="@MVP" value="true">
            </property>
            <property name="URI" value="c:/CicaOnline/q-definitions/features/Gherkin Mandatory questions.feature">
            </property>
        </properties>
        <testcase name="Given I am on p-applicant-other-compensation-details" classname="error-messages-on-mandatory-questions;user-has-not-answered-a-mandatory-question" time="2.716937661">
        </testcase>
        <testcase name="When I have not answered the q-how-much-was-award and I click continue" classname="error-messages-on-mandatory-questions;user-has-not-answered-a-mandatory-question" time="0.000317174">
        </testcase>
        <testcase name="Then I will see an Enter an amount" classname="error-messages-on-mandatory-questions;user-has-not-answered-a-mandatory-question" time="0.121312798">
        </testcase>
    </testsuite>
    <testsuite name="error-messages-on-mandatory-questions;user-has-not-answered-a-mandatory-question" tests="3" failures="0" skipped="0">
        <properties>
            <property name="@MVP" value="true">
            </property>
            <property name="URI" value="c:/CicaOnline/q-definitions/features/Gherkin Mandatory questions.feature">
            </property>
        </properties>
        <testcase name="Given I am on p-applicant-other-compensation-details" classname="error-messages-on-mandatory-questions;user-has-not-answered-a-mandatory-question" time="2.748518231">
        </testcase>
        <testcase name="When I have not answered the q-when-will-you-find-out and I click continue" classname="error-messages-on-mandatory-questions;user-has-not-answered-a-mandatory-question" time="0.000328482">
        </testcase>
        <testcase name="Then I will see an Enter an approximate date" classname="error-messages-on-mandatory-questions;user-has-not-answered-a-mandatory-question" time="0.16275298">
        </testcase>
    </testsuite>
    <testsuite name="error-messages-on-mandatory-questions;user-has-not-answered-a-mandatory-question" tests="3" failures="0" skipped="0">
        <properties>
            <property name="@MVP" value="true">
            </property>
            <property name="URI" value="c:/CicaOnline/q-definitions/features/Gherkin Mandatory questions.feature">
            </property>
        </properties>
        <testcase name="Given I am on p-applicant-enter-your-name" classname="error-messages-on-mandatory-questions;user-has-not-answered-a-mandatory-question" time="2.740115972">
        </testcase>
        <testcase name="When I have not answered the q-applicant-title and I click continue" classname="error-messages-on-mandatory-questions;user-has-not-answered-a-mandatory-question" time="0.000370635">
        </testcase>
        <testcase name="Then I will see an Enter your title" classname="error-messages-on-mandatory-questions;user-has-not-answered-a-mandatory-question" time="0.130133501">
        </testcase>
    </testsuite>
    <testsuite name="error-messages-on-mandatory-questions;user-has-not-answered-a-mandatory-question" tests="3" failures="0" skipped="0">
        <properties>
            <property name="@MVP" value="true">
            </property>
            <property name="URI" value="c:/CicaOnline/q-definitions/features/Gherkin Mandatory questions.feature">
            </property>
        </properties>
        <testcase name="Given I am on p-applicant-enter-your-name" classname="error-messages-on-mandatory-questions;user-has-not-answered-a-mandatory-question" time="2.728717274">
        </testcase>
        <testcase name="When I have not answered the q-applicant-first-name and I click continue" classname="error-messages-on-mandatory-questions;user-has-not-answered-a-mandatory-question" time="0.000336707">
        </testcase>
        <testcase name="Then I will see an Enter your first name" classname="error-messages-on-mandatory-questions;user-has-not-answered-a-mandatory-question" time="0.143285132">
        </testcase>
    </testsuite>
    <testsuite name="error-messages-on-mandatory-questions;user-has-not-answered-a-mandatory-question" tests="3" failures="0" skipped="0">
        <properties>
            <property name="@MVP" value="true">
            </property>
            <property name="URI" value="c:/CicaOnline/q-definitions/features/Gherkin Mandatory questions.feature">
            </property>
        </properties>
        <testcase name="Given I am on p-applicant-enter-your-name" classname="error-messages-on-mandatory-questions;user-has-not-answered-a-mandatory-question" time="2.727173047">
        </testcase>
        <testcase name="When I have not answered the q-applicant-last-name and I click continue" classname="error-messages-on-mandatory-questions;user-has-not-answered-a-mandatory-question" time="0.000292498">
        </testcase>
        <testcase name="Then I will see an Enter your last name" classname="error-messages-on-mandatory-questions;user-has-not-answered-a-mandatory-question" time="0.129431299">
        </testcase>
    </testsuite>
    <testsuite name="error-messages-on-mandatory-questions;user-has-not-answered-a-mandatory-question" tests="3" failures="0" skipped="0">
        <properties>
            <property name="@MVP" value="true">
            </property>
            <property name="URI" value="c:/CicaOnline/q-definitions/features/Gherkin Mandatory questions.feature">
            </property>
        </properties>
        <testcase name="Given I am on p-applicant-have-you-been-known-by-any-other-names" classname="error-messages-on-mandatory-questions;user-has-not-answered-a-mandatory-question" time="2.723403982">
        </testcase>
        <testcase name="When I have not answered the q-applicant-have-you-been-known-by-any-other-names and I click continue" classname="error-messages-on-mandatory-questions;user-has-not-answered-a-mandatory-question" time="0.000294041">
        </testcase>
        <testcase name="Then I will see an Select yes if you have been known by any other names" classname="error-messages-on-mandatory-questions;user-has-not-answered-a-mandatory-question" time="0.130371509">
        </testcase>
    </testsuite>
    <testsuite name="error-messages-on-mandatory-questions;user-has-not-answered-a-mandatory-question" tests="3" failures="0" skipped="0">
        <properties>
            <property name="@MVP" value="true">
            </property>
            <property name="URI" value="c:/CicaOnline/q-definitions/features/Gherkin Mandatory questions.feature">
            </property>
        </properties>
        <testcase name="Given I am on p-applicant-what-other-names-have-you-used" classname="error-messages-on-mandatory-questions;user-has-not-answered-a-mandatory-question" time="2.722852399">
        </testcase>
        <testcase name="When I have not answered the q-applicant-what-other-names-have-you-used and I click continue" classname="error-messages-on-mandatory-questions;user-has-not-answered-a-mandatory-question" time="0.00046882">
        </testcase>
        <testcase name="Then I will see an Enter the other names you have used" classname="error-messages-on-mandatory-questions;user-has-not-answered-a-mandatory-question" time="0.119647254">
        </testcase>
    </testsuite>
    <testsuite name="error-messages-on-mandatory-questions;user-has-not-answered-a-mandatory-question" tests="3" failures="1" skipped="0">
        <properties>
            <property name="@MVP" value="true">
            </property>
            <property name="URI" value="c:/CicaOnline/q-definitions/features/Gherkin Mandatory questions.feature">
            </property>
        </properties>
        <testcase name="Given I am on p-applicant-enter-your-date-of-birth" classname="error-messages-on-mandatory-questions;user-has-not-answered-a-mandatory-question" time="2.718700876">
        </testcase>
        <testcase name="When I have not answered the q-applicant-enter-your-date-of-birth and I click continue" classname="error-messages-on-mandatory-questions;user-has-not-answered-a-mandatory-question" time="0.000268338">
        </testcase>
        <testcase name="Then I will see an Enter your date of birth" classname="error-messages-on-mandatory-questions;user-has-not-answered-a-mandatory-question" time="10.089475713">
            <failure message="TimeoutError: Waiting for at least one element to be located By(partial link text, Enter your date of birth)">TimeoutError: Waiting for at least one element to be located By(partial link text, Enter your date of birth)
Wait timed out after 10003ms
    at c:\CicaOnline\selenium-cucumber-webdriver\node_modules\selenium-webdriver\lib\promise.js:2209:17
    at ManagedPromise.invokeCallback_ (c:\CicaOnline\selenium-cucumber-webdriver\node_modules\selenium-webdriver\lib\promise.js:1384:14)
    at TaskQueue.execute_ (c:\CicaOnline\selenium-cucumber-webdriver\node_modules\selenium-webdriver\lib\promise.js:3092:14)
    at TaskQueue.executeNext_ (c:\CicaOnline\selenium-cucumber-webdriver\node_modules\selenium-webdriver\lib\promise.js:3075:27)
    at asyncRun (c:\CicaOnline\selenium-cucumber-webdriver\node_modules\selenium-webdriver\lib\promise.js:2935:27)
    at c:\CicaOnline\selenium-cucumber-webdriver\node_modules\selenium-webdriver\lib\promise.js:676:7
    at process._tickCallback (internal/process/next_tick.js:68:7)
From: Task: Waiting for at least one element to be located By(partial link text, Enter your date of birth)
    at scheduleWait (c:\CicaOnline\selenium-cucumber-webdriver\node_modules\selenium-webdriver\lib\promise.js:2196:20)
    at ControlFlow.wait (c:\CicaOnline\selenium-cucumber-webdriver\node_modules\selenium-webdriver\lib\promise.js:2525:12)
    at thenableWebDriverProxy.wait (c:\CicaOnline\selenium-cucumber-webdriver\node_modules\selenium-webdriver\lib\webdriver.js:934:29)
    at createWorld.Then.error (c:\CicaOnline\q-definitions\features\step_definitions\shared-steps.js:39:16)
    at process._tickCallback (internal/process/next_tick.js:61:11)</failure>
        </testcase>
    </testsuite>
    <testsuite name="error-messages-on-mandatory-questions;user-has-not-answered-a-mandatory-question" tests="3" failures="0" skipped="0">
        <properties>
            <property name="@MVP" value="true">
            </property>
            <property name="URI" value="c:/CicaOnline/q-definitions/features/Gherkin Mandatory questions.feature">
            </property>
        </properties>
        <testcase name="Given I am on p-applicant-enter-your-email-address" classname="error-messages-on-mandatory-questions;user-has-not-answered-a-mandatory-question" time="2.729793195">
        </testcase>
        <testcase name="When I have not answered the q-applicant-enter-your-email-address and I click continue" classname="error-messages-on-mandatory-questions;user-has-not-answered-a-mandatory-question" time="0.000289414">
        </testcase>
        <testcase name="Then I will see an Enter your email address" classname="error-messages-on-mandatory-questions;user-has-not-answered-a-mandatory-question" time="0.132341375">
        </testcase>
    </testsuite>
    <testsuite name="error-messages-on-mandatory-questions;user-has-not-answered-a-mandatory-question" tests="3" failures="1" skipped="0">
        <properties>
            <property name="@MVP" value="true">
            </property>
            <property name="URI" value="c:/CicaOnline/q-definitions/features/Gherkin Mandatory questions.feature">
            </property>
        </properties>
        <testcase name="Given I am on p-applicant-enter-your-address" classname="error-messages-on-mandatory-questions;user-has-not-answered-a-mandatory-question" time="2.75541122">
        </testcase>
        <testcase name="When I have not answered the q-applicant-building-and-street and I click continue" classname="error-messages-on-mandatory-questions;user-has-not-answered-a-mandatory-question" time="0.000309976">
        </testcase>
        <testcase name="Then I will see an Enter the building and street where you live" classname="error-messages-on-mandatory-questions;user-has-not-answered-a-mandatory-question" time="10.099718297">
            <failure message="TimeoutError: Waiting for at least one element to be located By(partial link text, Enter the building and street where you live)">TimeoutError: Waiting for at least one element to be located By(partial link text, Enter the building and street where you live)
Wait timed out after 10007ms
    at c:\CicaOnline\selenium-cucumber-webdriver\node_modules\selenium-webdriver\lib\promise.js:2209:17
    at ManagedPromise.invokeCallback_ (c:\CicaOnline\selenium-cucumber-webdriver\node_modules\selenium-webdriver\lib\promise.js:1384:14)
    at TaskQueue.execute_ (c:\CicaOnline\selenium-cucumber-webdriver\node_modules\selenium-webdriver\lib\promise.js:3092:14)
    at TaskQueue.executeNext_ (c:\CicaOnline\selenium-cucumber-webdriver\node_modules\selenium-webdriver\lib\promise.js:3075:27)
    at asyncRun (c:\CicaOnline\selenium-cucumber-webdriver\node_modules\selenium-webdriver\lib\promise.js:2935:27)
    at c:\CicaOnline\selenium-cucumber-webdriver\node_modules\selenium-webdriver\lib\promise.js:676:7
    at process._tickCallback (internal/process/next_tick.js:68:7)
From: Task: Waiting for at least one element to be located By(partial link text, Enter the building and street where you live)
    at scheduleWait (c:\CicaOnline\selenium-cucumber-webdriver\node_modules\selenium-webdriver\lib\promise.js:2196:20)
    at ControlFlow.wait (c:\CicaOnline\selenium-cucumber-webdriver\node_modules\selenium-webdriver\lib\promise.js:2525:12)
    at thenableWebDriverProxy.wait (c:\CicaOnline\selenium-cucumber-webdriver\node_modules\selenium-webdriver\lib\webdriver.js:934:29)
    at createWorld.Then.error (c:\CicaOnline\q-definitions\features\step_definitions\shared-steps.js:39:16)
    at process._tickCallback (internal/process/next_tick.js:61:11)</failure>
        </testcase>
    </testsuite>
    <testsuite name="error-messages-on-mandatory-questions;user-has-not-answered-a-mandatory-question" tests="3" failures="1" skipped="0">
        <properties>
            <property name="@MVP" value="true">
            </property>
            <property name="URI" value="c:/CicaOnline/q-definitions/features/Gherkin Mandatory questions.feature">
            </property>
        </properties>
        <testcase name="Given I am on p-applicant-enter-your-address" classname="error-messages-on-mandatory-questions;user-has-not-answered-a-mandatory-question" time="2.745491464">
        </testcase>
        <testcase name="When I have not answered the q-applicant-building-and-street-2 and I click continue" classname="error-messages-on-mandatory-questions;user-has-not-answered-a-mandatory-question" time="0.000307406">
        </testcase>
        <testcase name="Then I will see an Enter the building and street where you live" classname="error-messages-on-mandatory-questions;user-has-not-answered-a-mandatory-question" time="10.121690631">
            <failure message="TimeoutError: Waiting for at least one element to be located By(partial link text, Enter the building and street where you live)">TimeoutError: Waiting for at least one element to be located By(partial link text, Enter the building and street where you live)
Wait timed out after 10003ms
    at c:\CicaOnline\selenium-cucumber-webdriver\node_modules\selenium-webdriver\lib\promise.js:2209:17
    at ManagedPromise.invokeCallback_ (c:\CicaOnline\selenium-cucumber-webdriver\node_modules\selenium-webdriver\lib\promise.js:1384:14)
    at TaskQueue.execute_ (c:\CicaOnline\selenium-cucumber-webdriver\node_modules\selenium-webdriver\lib\promise.js:3092:14)
    at TaskQueue.executeNext_ (c:\CicaOnline\selenium-cucumber-webdriver\node_modules\selenium-webdriver\lib\promise.js:3075:27)
    at asyncRun (c:\CicaOnline\selenium-cucumber-webdriver\node_modules\selenium-webdriver\lib\promise.js:2935:27)
    at c:\CicaOnline\selenium-cucumber-webdriver\node_modules\selenium-webdriver\lib\promise.js:676:7
    at process._tickCallback (internal/process/next_tick.js:68:7)
From: Task: Waiting for at least one element to be located By(partial link text, Enter the building and street where you live)
    at scheduleWait (c:\CicaOnline\selenium-cucumber-webdriver\node_modules\selenium-webdriver\lib\promise.js:2196:20)
    at ControlFlow.wait (c:\CicaOnline\selenium-cucumber-webdriver\node_modules\selenium-webdriver\lib\promise.js:2525:12)
    at thenableWebDriverProxy.wait (c:\CicaOnline\selenium-cucumber-webdriver\node_modules\selenium-webdriver\lib\webdriver.js:934:29)
    at createWorld.Then.error (c:\CicaOnline\q-definitions\features\step_definitions\shared-steps.js:39:16)
    at process._tickCallback (internal/process/next_tick.js:61:11)</failure>
        </testcase>
    </testsuite>
    <testsuite name="error-messages-on-mandatory-questions;user-has-not-answered-a-mandatory-question" tests="3" failures="0" skipped="0">
        <properties>
            <property name="@MVP" value="true">
            </property>
            <property name="URI" value="c:/CicaOnline/q-definitions/features/Gherkin Mandatory questions.feature">
            </property>
        </properties>
        <testcase name="Given I am on p-applicant-enter-your-address" classname="error-messages-on-mandatory-questions;user-has-not-answered-a-mandatory-question" time="2.821139562">
        </testcase>
        <testcase name="When I have not answered the q-applicant-town-or-city and I click continue" classname="error-messages-on-mandatory-questions;user-has-not-answered-a-mandatory-question" time="0.000341848">
        </testcase>
        <testcase name="Then I will see an Enter the town or city where you live" classname="error-messages-on-mandatory-questions;user-has-not-answered-a-mandatory-question" time="0.154898705">
        </testcase>
    </testsuite>
    <testsuite name="error-messages-on-mandatory-questions;user-has-not-answered-a-mandatory-question" tests="3" failures="0" skipped="0">
        <properties>
            <property name="@MVP" value="true">
            </property>
            <property name="URI" value="c:/CicaOnline/q-definitions/features/Gherkin Mandatory questions.feature">
            </property>
        </properties>
        <testcase name="Given I am on p-applicant-enter-your-telephone-number" classname="error-messages-on-mandatory-questions;user-has-not-answered-a-mandatory-question" time="2.722246326">
        </testcase>
        <testcase name="When I have not answered the q-applicant-enter-your-telephone-number and I click continue" classname="error-messages-on-mandatory-questions;user-has-not-answered-a-mandatory-question" time="0.000284787">
        </testcase>
        <testcase name="Then I will see an Enter a telephone number, like 01632 960 001, 07700 900 982 or +44 0808 157 0192" classname="error-messages-on-mandatory-questions;user-has-not-answered-a-mandatory-question" time="0.138561463">
        </testcase>
    </testsuite>
</testsuites>